[16:29:36 - main] [Cooja.java:1317] [INFO] - > Starting Cooja
[16:29:36 - main] [Cooja.java:2858] [INFO] - External tools default settings: /external_tools_linux_64.config
[16:29:36 - main] [Cooja.java:2888] [INFO] - External tools user settings: /home/sebin/.cooja.user.properties
[16:29:36 - main] [Cooja.java:4263] [WARN] - Replaced [APPS_DIR]/collect-view with /home/sebin/LIOT/cooja/apps/collect-view (default: /home/sebin/LIOT/cooja/binapps), but could not find it. This does not have to be an error, as the file might be created later.
[16:29:36 - main] [Cooja.java:3627] [WARN] - Loaded simulation may depend on not found  extension: '/home/sebin/LIOT/cooja/apps/collect-view'
[16:29:36 - main] [Simulation.java:422] [INFO] - Simulation random seed: 123456
[16:29:36 - main] [MspMote.java:235] [INFO] - Loading firmware from: /home/sebin/LIOT/LoW/Lab/LowPowerWN_IOT/collect_rand/app-collect.sky
[16:29:37 - main] [MspMote.java:235] [INFO] - Loading firmware from: /home/sebin/LIOT/LoW/Lab/LowPowerWN_IOT/collect_rand/app-collect.sky
[16:29:37 - main] [MspMote.java:235] [INFO] - Loading firmware from: /home/sebin/LIOT/LoW/Lab/LowPowerWN_IOT/collect_rand/app-collect.sky
[16:29:37 - main] [MspMote.java:235] [INFO] - Loading firmware from: /home/sebin/LIOT/LoW/Lab/LowPowerWN_IOT/collect_rand/app-collect.sky
[16:29:37 - main] [MspMote.java:235] [INFO] - Loading firmware from: /home/sebin/LIOT/LoW/Lab/LowPowerWN_IOT/collect_rand/app-collect.sky
[16:29:37 - main] [MspMote.java:235] [INFO] - Loading firmware from: /home/sebin/LIOT/LoW/Lab/LowPowerWN_IOT/collect_rand/app-collect.sky
[16:29:37 - main] [MspMote.java:235] [INFO] - Loading firmware from: /home/sebin/LIOT/LoW/Lab/LowPowerWN_IOT/collect_rand/app-collect.sky
[16:29:37 - main] [MspMote.java:235] [INFO] - Loading firmware from: /home/sebin/LIOT/LoW/Lab/LowPowerWN_IOT/collect_rand/app-collect.sky
[16:29:37 - main] [MspMote.java:235] [INFO] - Loading firmware from: /home/sebin/LIOT/LoW/Lab/LowPowerWN_IOT/collect_rand/app-collect.sky
[16:29:37 - main] [MspMote.java:235] [INFO] - Loading firmware from: /home/sebin/LIOT/LoW/Lab/LowPowerWN_IOT/collect_rand/app-collect.sky
[16:29:37 - main] [Cooja.java:1783] [INFO] - Visualized plugin was not started: class org.contikios.cooja.plugins.SimControl
[16:29:37 - main] [Cooja.java:1783] [INFO] - Visualized plugin was not started: class org.contikios.cooja.plugins.Visualizer
[16:29:37 - main] [Cooja.java:1783] [INFO] - Visualized plugin was not started: class org.contikios.cooja.plugins.LogListener
[16:29:37 - main] [Cooja.java:1783] [INFO] - Visualized plugin was not started: class org.contikios.cooja.plugins.TimeLine
[16:29:37 - main] [Cooja.java:1783] [INFO] - Visualized plugin was not started: class org.contikios.cooja.plugins.RadioLogger
[16:29:38 - main] [ScriptRunner.java:430] [INFO] - Test script deactivated
[16:29:38 - main] [LogScriptEngine.java:265] [INFO] - Script timeout in 1800000 ms
[16:29:39 - main] [ScriptRunner.java:387] [INFO] - Test script activated
[16:29:39 - Thread-2] [Simulation.java:253] [INFO] - Simulation main loop started, system time: 1620397779219
[16:30:14 - Thread-2] [LogScriptEngine.java:389] [INFO] - Test script at 5.00%, done in 664.0 sec
[16:30:49 - Thread-2] [LogScriptEngine.java:389] [INFO] - Test script at 10.00%, done in 636.0 sec
[16:31:20 - Thread-2] [LogScriptEngine.java:389] [INFO] - Test script at 15.00%, done in 576.2 sec
[16:31:53 - Thread-2] [LogScriptEngine.java:389] [INFO] - Test script at 20.00%, done in 537.6 sec
[16:32:24 - Thread-2] [LogScriptEngine.java:389] [INFO] - Test script at 25.00%, done in 494.4 sec
[16:32:54 - Thread-2] [LogScriptEngine.java:389] [INFO] - Test script at 30.00%, done in 454.8 sec
[16:33:25 - Thread-2] [LogScriptEngine.java:389] [INFO] - Test script at 35.00%, done in 419.7 sec
[16:33:56 - Thread-2] [LogScriptEngine.java:389] [INFO] - Test script at 40.00%, done in 385.7 sec
[16:34:26 - Thread-2] [LogScriptEngine.java:389] [INFO] - Test script at 45.00%, done in 350.8 sec
[16:34:55 - Thread-2] [LogScriptEngine.java:389] [INFO] - Test script at 50.00%, done in 316.1 sec
[16:35:28 - Thread-2] [LogScriptEngine.java:389] [INFO] - Test script at 55.00%, done in 286.1 sec
